DaoTest/build/outputs/logs/manifest-merger-debug-report.txt
-- Merging decision tree log ---
manifest
ADDED from GalleryMosby\DaoTest\AndroidManifest.xml:2:1-15:12
	xmlns:android
		ADDED from GalleryMosby\DaoTest\AndroidManifest.xml:2:11-69
	package
		ADDED from GalleryMosby\DaoTest\AndroidManifest.xml:3:5-45
	android:versionName
		ADDED from GalleryMosby\DaoTest\AndroidManifest.xml:5:5-30
		INJECTED from GalleryMosby\DaoTest\AndroidManifest.xml
		INJECTED from GalleryMosby\DaoTest\AndroidManifest.xml
	android:versionCode
		ADDED from GalleryMosby\DaoTest\AndroidManifest.xml:4:5-28
		INJECTED from GalleryMosby\DaoTest\AndroidManifest.xml
		INJECTED from GalleryMosby\DaoTest\AndroidManifest.xml
uses-sdk
ADDED from GalleryMosby\DaoTest\AndroidManifest.xml:7:5-43
	android:minSdkVersion
		ADDED from GalleryMosby\DaoTest\AndroidManifest.xml:7:15-40
uses-permission#android.permission.WRITE_EXTERNAL_STORAGE
ADDED from GalleryMosby\DaoTest\AndroidManifest.xml:9:5-81
	android:name
		ADDED from GalleryMosby\DaoTest\AndroidManifest.xml:9:22-78
application
ADDED from GalleryMosby\DaoTest\AndroidManifest.xml:11:5-13:19
uses-library#android.test.runner
ADDED from GalleryMosby\DaoTest\AndroidManifest.xml:12:9-60
	android:name
		ADDED from GalleryMosby\DaoTest\AndroidManifest.xml:12:23-57